<?xml version="1.0" encoding="UTF-8"?>
<testng-results skipped="0" failed="0" ignored="0" total="1" passed="1">
  <reporter-output>
  </reporter-output>
  <suite name="Suite" duration-ms="11752" started-at="2017-02-28T05:26:35Z" finished-at="2017-02-28T05:26:46Z">
    <groups>
    </groups>
    <test name="Test" duration-ms="11752" started-at="2017-02-28T05:26:35Z" finished-at="2017-02-28T05:26:46Z">
      <class name="demo.NewTest">
        <test-method status="PASS" signature="beforeTest()[pri:0, instance:demo.NewTest@7d4793a8]" name="beforeTest" is-config="true" duration-ms="6479" started-at="2017-02-28T10:56:35Z" finished-at="2017-02-28T10:56:41Z">
          <reporter-output>
          </reporter-output>
        </test-method> <!-- beforeTest -->
        <test-method status="PASS" signature="testEasy()[pri:0, instance:demo.NewTest@7d4793a8]" name="testEasy" duration-ms="3956" started-at="2017-02-28T10:56:41Z" finished-at="2017-02-28T10:56:45Z">
          <reporter-output>
          </reporter-output>
        </test-method> <!-- testEasy -->
        <test-method status="PASS" signature="afterTest()[pri:0, instance:demo.NewTest@7d4793a8]" name="afterTest" is-config="true" duration-ms="1287" started-at="2017-02-28T10:56:45Z" finished-at="2017-02-28T10:56:46Z">
          <reporter-output>
          </reporter-output>
        </test-method> <!-- afterTest -->
      </class> <!-- demo.NewTest -->
    </test> <!-- Test -->
  </suite> <!-- Suite -->
</testng-results>
